-------------------------------------------------------------------------------
Test set: com.gpadvoiture.location.LocationApplicationTests
-------------------------------------------------------------------------------
Tests run: 1, Failures: 0, Errors: 1, Skipped: 0, Time elapsed: 3.583 s <<< FAILURE! - in com.gpadvoiture.location.LocationApplicationTests
contextLoads  Time elapsed: 0.003 s  <<< ERROR!
java.lang.IllegalStateException: Failed to load ApplicationContext
Caused by: org.springframework.beans.factory.UnsatisfiedDependencyException: Error creating bean with name 'requestMappingHandlerAdapter' defined in class path resource [org/springframework/boot/autoconfigure/web/servlet/WebMvcAutoConfiguration$EnableWebMvcConfiguration.class]: Unsatisfied dependency expressed through method 'requestMappingHandlerAdapter' parameter 2; nested exception is org.springframework.beans.factory.BeanCreationException: Error creating bean with name 'mvcValidator' defined in class path resource [org/springframework/boot/autoconfigure/web/servlet/WebMvcAutoConfiguration$EnableWebMvcConfiguration.class]: Bean instantiation via factory method failed; nested exception is org.springframework.beans.BeanInstantiationException: Failed to instantiate [org.springframework.validation.Validator]: Factory method 'mvcValidator' threw exception; nested exception is java.lang.NoClassDefFoundError: javax/validation/ParameterNameProvider
Caused by: org.springframework.beans.factory.BeanCreationException: Error creating bean with name 'mvcValidator' defined in class path resource [org/springframework/boot/autoconfigure/web/servlet/WebMvcAutoConfiguration$EnableWebMvcConfiguration.class]: Bean instantiation via factory method failed; nested exception is org.springframework.beans.BeanInstantiationException: Failed to instantiate [org.springframework.validation.Validator]: Factory method 'mvcValidator' threw exception; nested exception is java.lang.NoClassDefFoundError: javax/validation/ParameterNameProvider
Caused by: org.springframework.beans.BeanInstantiationException: Failed to instantiate [org.springframework.validation.Validator]: Factory method 'mvcValidator' threw exception; nested exception is java.lang.NoClassDefFoundError: javax/validation/ParameterNameProvider
Caused by: java.lang.NoClassDefFoundError: javax/validation/ParameterNameProvider
Caused by: java.lang.ClassNotFoundException: javax.validation.ParameterNameProvider

